[17:54:36] [ServerMain/INFO]: Building unoptimized datafixer
[17:54:37] [ServerMain/INFO]: Environment: authHost='https://authserver.mojang.com', accountsHost='https://api.mojang.com', sessionHost='https://sessionserver.mojang.com', servicesHost='https://api.minecraftservices.com', name='PROD'
[17:54:38] [ServerMain/INFO]: Loaded 7 recipes
[17:54:39] [Server thread/INFO]: Starting minecraft server version 1.19.2
[17:54:39] [Server thread/INFO]: Loading properties
[17:54:39] [Server thread/INFO]: This server is running Paper version git-Paper-307 (MC: 1.19.2) (Implementing API version 1.19.2-R0.1-SNAPSHOT) (Git: 476ef25)
[17:54:39] [Server thread/INFO]: Server Ping Player Sample Count: 12
[17:54:39] [Server thread/INFO]: Using 4 threads for Netty based IO
[17:54:39] [Server thread/INFO]: [ChunkTaskScheduler] Chunk system is using 1 I/O threads, 4 worker threads, and gen parallelism of 4 threads
[17:54:39] [Server thread/INFO]: Default game type: SURVIVAL
[17:54:39] [Server thread/INFO]: Generating keypair
[17:54:39] [Server thread/INFO]: Starting Minecraft server on *:25565
[17:54:39] [Server thread/INFO]: Using epoll channel type
[17:54:39] [Server thread/INFO]: Paper: Using libdeflate (Linux x86_64) compression from Velocity.
[17:54:39] [Server thread/INFO]: Paper: Using OpenSSL 3.0.x (Linux x86_64) cipher from Velocity.
[17:54:39] [Server thread/INFO]: [vault-factions] Loading vault-factions v1.8.0
[17:54:39] [Server thread/INFO]: Server permissions file permissions.yml is empty, ignoring it
[17:54:39] [Server thread/INFO]: Preparing level "world"
[17:54:40] [Server thread/INFO]: Preparing start region for dimension minecraft:overworld
[17:54:40] [Server thread/INFO]: Time elapsed: 65 ms
[17:54:40] [Server thread/INFO]: Preparing start region for dimension minecraft:the_nether
[17:54:40] [Server thread/INFO]: Time elapsed: 15 ms
[17:54:40] [Server thread/INFO]: Preparing start region for dimension minecraft:the_end
[17:54:40] [Server thread/INFO]: Time elapsed: 10 ms
[17:54:40] [Server thread/INFO]: [vault-factions] Enabling vault-factions v1.8.0
[17:54:40] [Server thread/INFO]: Running delayed init tasks
[17:54:40] [Server thread/INFO]: Done (1.146s)! For help, type "help"
[17:54:40] [Server thread/INFO]: Timings Reset
[17:54:43] [User Authenticator #0/INFO]: UUID of player SkyVaultGames is 0c5e37dd-56eb-4a93-9438-fd3b703293dc
[17:54:43] [Server thread/INFO]: SkyVaultGames joined the game
[17:54:43] [Server thread/INFO]: SkyVaultGames[/127.0.0.1:59630] logged in with entity id 140 at ([world]8.5, 152.0, 5.5)
[17:54:48] [Async Chat Thread - #0/INFO]: <SkyVaultGames> !
[17:54:50] [Async Chat Thread - #0/INFO]: <SkyVaultGames> !!
[18:05:47] [Server thread/INFO]: SkyVaultGames lost connection: Disconnected
[18:05:47] [Server thread/INFO]: SkyVaultGames left the game
